<?xml version="1.0" encoding="UTF-8"?>
<!-- Generated by org.testng.reporters.JUnitXMLReporter -->
<testsuite ignored="0" hostname="LAPTOP-DLJOO4LM" failures="0" tests="4" name="Test" time="0.167" errors="0" timestamp="2022-05-31T17:10:57 IST">
  <testcase classname="qaclickacademy.MavenJava.RestAPITest" name="deleteTwitter" time="0.018"/>
  <testcase classname="qaclickacademy.MavenJava.RestAPITest" name="postJira" time="0.001"/>
  <testcase classname="qaclickacademy.MavenJava.SeleniumTest" name="browserAutomation" time="0.001"/>
  <testcase classname="qaclickacademy.MavenJava.SeleniumTest" name="elementsUI" time="0.001"/>
</testsuite> <!-- Test -->
