<?xml version="1.0" encoding="UTF-8"?>
<testng-results ignored="0" total="4" passed="4" failed="0" skipped="0">
  <reporter-output>
  </reporter-output>
  <suite started-at="2022-05-31T17:10:57 IST" name="Suite" finished-at="2022-05-31T17:10:57 IST" duration-ms="167">
    <groups>
    </groups>
    <test started-at="2022-05-31T17:10:57 IST" name="Test" finished-at="2022-05-31T17:10:57 IST" duration-ms="167">
      <class name="qaclickacademy.MavenJava.SeleniumTest">
        <test-method signature="browserAutomation()[pri:0, instance:qaclickacademy.MavenJava.SeleniumTest@e056f20]" started-at="2022-05-31T17:10:57 IST" name="browserAutomation" finished-at="2022-05-31T17:10:57 IST" duration-ms="1" status="PASS">
          <reporter-output>
          </reporter-output>
        </test-method> <!-- browserAutomation -->
        <test-method signature="elementsUI()[pri:0, instance:qaclickacademy.MavenJava.SeleniumTest@e056f20]" started-at="2022-05-31T17:10:57 IST" name="elementsUI" finished-at="2022-05-31T17:10:57 IST" duration-ms="1" status="PASS">
          <reporter-output>
          </reporter-output>
        </test-method> <!-- elementsUI -->
      </class> <!-- qaclickacademy.MavenJava.SeleniumTest -->
      <class name="qaclickacademy.MavenJava.RestAPITest">
        <test-method signature="deleteTwitter()[pri:0, instance:qaclickacademy.MavenJava.RestAPITest@3e92efc3]" started-at="2022-05-31T17:10:57 IST" name="deleteTwitter" finished-at="2022-05-31T17:10:57 IST" duration-ms="18" status="PASS">
          <reporter-output>
          </reporter-output>
        </test-method> <!-- deleteTwitter -->
        <test-method signature="postJira()[pri:0, instance:qaclickacademy.MavenJava.RestAPITest@3e92efc3]" started-at="2022-05-31T17:10:57 IST" name="postJira" finished-at="2022-05-31T17:10:57 IST" duration-ms="1" status="PASS">
          <reporter-output>
          </reporter-output>
        </test-method> <!-- postJira -->
      </class> <!-- qaclickacademy.MavenJava.RestAPITest -->
    </test> <!-- Test -->
  </suite> <!-- Suite -->
</testng-results>
